<?xml version="1.0" encoding="UTF-8"?>
<testng-results ignored="0" total="2" passed="2" failed="0" skipped="0">
  <reporter-output>
  </reporter-output>
  <suite started-at="2026-09-19T13:53:26 IST" name="Automation Suite" finished-at="2026-09-19T13:53:45 IST" duration-ms="18681">
    <groups>
    </groups>
    <test started-at="2026-09-19T13:53:26 IST" name="Tests" finished-at="2026-09-19T13:53:45 IST" duration-ms="18681">
      <class name="com.selenium_framework.SeleniumFramework.tests.Cart">
        <test-method is-config="true" signature="setUp()[pri:0, instance:com.selenium_framework.SeleniumFramework.tests.Cart@17207f5b]" started-at="2026-09-19T13:53:27 IST" name="setUp" finished-at="2026-09-19T13:53:29 IST" duration-ms="2384" status="PASS">
          <reporter-output>
          </reporter-output>
        </test-method> <!-- setUp -->
        <test-method signature="verifyAddToCart(java.util.Map)[pri:0, instance:com.selenium_framework.SeleniumFramework.tests.Cart@17207f5b]" started-at="2026-09-19T13:53:30 IST" name="verifyAddToCart" data-provider="excelData" finished-at="2026-09-19T13:53:43 IST" duration-ms="13535" status="PASS">
          <params>
            <param index="0">
              <value>
                <![CDATA[{username=prashushinde431@gmail.com, password=Admin@123, ProductName=ADIDAS ORIGINAL}]]>
              </value>
            </param>
          </params>
          <reporter-output>
          </reporter-output>
        </test-method> <!-- verifyAddToCart -->
        <test-method is-config="true" signature="tearDown()[pri:0, instance:com.selenium_framework.SeleniumFramework.tests.Cart@17207f5b]" started-at="2026-09-19T13:53:43 IST" name="tearDown" finished-at="2026-09-19T13:53:45 IST" duration-ms="1721" status="PASS">
          <reporter-output>
          </reporter-output>
        </test-method> <!-- tearDown -->
      </class> <!-- com.selenium_framework.SeleniumFramework.tests.Cart -->
      <class name="com.selenium_framework.SeleniumFramework.tests.Login">
        <test-method is-config="true" signature="setUp()[pri:0, instance:com.selenium_framework.SeleniumFramework.tests.Login@3d8d17a3]" started-at="2026-09-19T13:53:27 IST" name="setUp" finished-at="2026-09-19T13:53:30 IST" duration-ms="2648" status="PASS">
          <reporter-output>
          </reporter-output>
        </test-method> <!-- setUp -->
        <test-method signature="testlogin(java.util.Map)[pri:0, instance:com.selenium_framework.SeleniumFramework.tests.Login@3d8d17a3]" started-at="2026-09-19T13:53:30 IST" name="testlogin" data-provider="excelData" finished-at="2026-09-19T13:53:36 IST" duration-ms="6311" status="PASS">
          <params>
            <param index="0">
              <value>
                <![CDATA[{username=prashushinde431@gmail.com, password=Admin@123}]]>
              </value>
            </param>
          </params>
          <reporter-output>
          </reporter-output>
        </test-method> <!-- testlogin -->
        <test-method is-config="true" signature="tearDown()[pri:0, instance:com.selenium_framework.SeleniumFramework.tests.Login@3d8d17a3]" started-at="2026-09-19T13:53:36 IST" name="tearDown" finished-at="2026-09-19T13:53:36 IST" duration-ms="245" status="PASS">
          <reporter-output>
          </reporter-output>
        </test-method> <!-- tearDown -->
      </class> <!-- com.selenium_framework.SeleniumFramework.tests.Login -->
    </test> <!-- Tests -->
  </suite> <!-- Automation Suite -->
</testng-results>
