<?xml version="1.0" encoding="UTF-8"?>
<testng-results ignored="0" total="2" passed="2" failed="0" skipped="0">
  <reporter-output>
  </reporter-output>
  <suite started-at="2026-09-19T12:30:28 IST" name="Automation Suite" finished-at="2026-09-19T12:30:40 IST" duration-ms="11961">
    <groups>
    </groups>
    <test started-at="2026-09-19T12:30:28 IST" name="Tests" finished-at="2026-09-19T12:30:40 IST" duration-ms="11961">
      <class name="com.selenium_framework.SeleniumFramework.tests.Cart">
        <test-method is-config="true" signature="setUp()[pri:0, instance:com.selenium_framework.SeleniumFramework.tests.Cart@20a8a64e]" started-at="2026-09-19T12:30:29 IST" name="setUp" finished-at="2026-09-19T12:30:32 IST" duration-ms="2905" status="PASS">
          <reporter-output>
          </reporter-output>
        </test-method> <!-- setUp -->
        <test-method signature="verifyAddToCart(java.util.Map)[pri:0, instance:com.selenium_framework.SeleniumFramework.tests.Cart@20a8a64e]" started-at="2026-09-19T12:30:32 IST" name="verifyAddToCart" data-provider="excelData" finished-at="2026-09-19T12:30:40 IST" duration-ms="8007" status="PASS">
          <params>
            <param index="0">
              <value>
                <![CDATA[{username=prashushinde431@gmail.com, password=Admin@123, ProductName=ADIDAS ORIGINAL}]]>
              </value>
            </param>
          </params>
          <reporter-output>
          </reporter-output>
        </test-method> <!-- verifyAddToCart -->
        <test-method is-config="true" signature="tearDown()[pri:0, instance:com.selenium_framework.SeleniumFramework.tests.Cart@20a8a64e]" started-at="2026-09-19T12:30:40 IST" name="tearDown" finished-at="2026-09-19T12:30:40 IST" duration-ms="230" status="PASS">
          <reporter-output>
          </reporter-output>
        </test-method> <!-- tearDown -->
      </class> <!-- com.selenium_framework.SeleniumFramework.tests.Cart -->
      <class name="com.selenium_framework.SeleniumFramework.tests.Login">
        <test-method is-config="true" signature="setUp()[pri:0, instance:com.selenium_framework.SeleniumFramework.tests.Login@aa549e5]" started-at="2026-09-19T12:30:29 IST" name="setUp" finished-at="2026-09-19T12:30:32 IST" duration-ms="2914" status="PASS">
          <reporter-output>
          </reporter-output>
        </test-method> <!-- setUp -->
        <test-method signature="testlogin(java.util.Map)[pri:0, instance:com.selenium_framework.SeleniumFramework.tests.Login@aa549e5]" started-at="2026-09-19T12:30:32 IST" name="testlogin" data-provider="excelData" finished-at="2026-09-19T12:30:38 IST" duration-ms="6173" status="PASS">
          <params>
            <param index="0">
              <value>
                <![CDATA[{username=prashushinde431@gmail.com, password=Admin@123}]]>
              </value>
            </param>
          </params>
          <reporter-output>
          </reporter-output>
        </test-method> <!-- testlogin -->
        <test-method is-config="true" signature="tearDown()[pri:0, instance:com.selenium_framework.SeleniumFramework.tests.Login@aa549e5]" started-at="2026-09-19T12:30:38 IST" name="tearDown" finished-at="2026-09-19T12:30:39 IST" duration-ms="277" status="PASS">
          <reporter-output>
          </reporter-output>
        </test-method> <!-- tearDown -->
      </class> <!-- com.selenium_framework.SeleniumFramework.tests.Login -->
    </test> <!-- Tests -->
  </suite> <!-- Automation Suite -->
</testng-results>
